Using pre-set license
Built from '2021.3/staging' branch; Version is '2021.3.3f1 (af2e63e8f9bd) revision 11480675'; Using compiler version '192829333'; Build Type 'Release'
OS: 'Windows 10  (10.0.19043) 64bit Core' Language: 'en' Physical Memory: 32644 MB
BatchMode: 1, IsHumanControllingUs: 0, StartBugReporterOnCrash: 0, Is64bit: 1, IsPro: 1

COMMAND LINE ARGUMENTS:
C:\Program Files\Unity\Hub\Editor\2021.3.3f1\Editor\Unity.exe
-adb2
-batchMode
-noUpm
-name
AssetImportWorker0
-projectPath
C:/Users/admin/Documents/GitHub/VirtualTour_DemoMot/VR_Tour
-logFile
Logs/AssetImportWorker0.log
-srvPort
54137
Successfully changed project path to: C:/Users/admin/Documents/GitHub/VirtualTour_DemoMot/VR_Tour
C:/Users/admin/Documents/GitHub/VirtualTour_DemoMot/VR_Tour
[UnityMemory] Configuration Parameters - Can be set up in boot.config
    "memorysetup-bucket-allocator-granularity=16"
    "memorysetup-bucket-allocator-bucket-count=8"
    "memorysetup-bucket-allocator-block-size=33554432"
    "memorysetup-bucket-allocator-block-count=8"
    "memorysetup-main-allocator-block-size=16777216"
    "memorysetup-thread-allocator-block-size=16777216"
    "memorysetup-gfx-main-allocator-block-size=16777216"
    "memorysetup-gfx-thread-allocator-block-size=16777216"
    "memorysetup-cache-allocator-block-size=4194304"
    "memorysetup-typetree-allocator-block-size=2097152"
    "memorysetup-profiler-bucket-allocator-granularity=16"
    "memorysetup-profiler-bucket-allocator-bucket-count=8"
    "memorysetup-profiler-bucket-allocator-block-size=33554432"
    "memorysetup-profiler-bucket-allocator-block-count=8"
    "memorysetup-profiler-allocator-block-size=16777216"
    "memorysetup-profiler-editor-allocator-block-size=1048576"
    "memorysetup-temp-allocator-size-main=16777216"
    "memorysetup-job-temp-allocator-block-size=2097152"
    "memorysetup-job-temp-allocator-block-size-background=1048576"
    "memorysetup-job-temp-allocator-reduction-small-platforms=262144"
    "memorysetup-temp-allocator-size-background-worker=32768"
    "memorysetup-temp-allocator-size-job-worker=262144"
    "memorysetup-temp-allocator-size-preload-manager=33554432"
    "memorysetup-temp-allocator-size-nav-mesh-worker=65536"
    "memorysetup-temp-allocator-size-audio-worker=65536"
    "memorysetup-temp-allocator-size-cloud-worker=32768"
    "memorysetup-temp-allocator-size-gi-baking-worker=262144"
    "memorysetup-temp-allocator-size-gfx=262144"
Refreshing native plugins compatible for Editor in 102.21 ms, found 11 plugins.
Preloading 0 native plugins for Editor in 0.00 ms.
Initialize engine version: 2021.3.3f1 (af2e63e8f9bd)
[Subsystems] Discovering subsystems at path C:/Program Files/Unity/Hub/Editor/2021.3.3f1/Editor/Data/Resources/UnitySubsystems
[Subsystems] Discovering subsystems at path C:/Users/admin/Documents/GitHub/VirtualTour_DemoMot/VR_Tour/Assets
GfxDevice: creating device client; threaded=0; jobified=0
Direct3D:
    Version:  Direct3D 11.0 [level 11.1]
    Renderer: NVIDIA GeForce RTX 2080 with Max-Q Design (ID=0x1ed0)
    Vendor:   NVIDIA
    VRAM:     8010 MB
    Driver:   30.0.15.1295
Initialize mono
Mono path[0] = 'C:/Program Files/Unity/Hub/Editor/2021.3.3f1/Editor/Data/Managed'
Mono path[1] = 'C:/Program Files/Unity/Hub/Editor/2021.3.3f1/Editor/Data/MonoBleedingEdge/lib/mono/unityjit-win32'
Mono config path = 'C:/Program Files/Unity/Hub/Editor/2021.3.3f1/Editor/Data/MonoBleedingEdge/etc'
Using monoOptions --debugger-agent=transport=dt_socket,embedding=1,server=y,suspend=n,address=127.0.0.1:56172
Begin MonoManager ReloadAssembly
Registering precompiled unity dll's ...
Register platform support module: C:/Program Files/Unity/Hub/Editor/2021.3.3f1/Editor/Data/PlaybackEngines/WebGLSupport/UnityEditor.WebGL.Extensions.dll
Register platform support module: C:/Program Files/Unity/Hub/Editor/2021.3.3f1/Editor/Data/PlaybackEngines/WindowsStandaloneSupport/UnityEditor.WindowsStandalone.Extensions.dll
Register platform support module: C:/Program Files/Unity/Hub/Editor/2021.3.3f1/Editor/Data/PlaybackEngines/MetroSupport/UnityEditor.UWP.Extensions.dll
Registered in 0.010607 seconds.
Native extension for UWP target not found
Native extension for WindowsStandalone target not found
Native extension for WebGL target not found
Refreshing native plugins compatible for Editor in 136.94 ms, found 11 plugins.
Preloading 0 native plugins for Editor in 0.00 ms.
Mono: successfully reloaded assembly
- Completed reload, in  0.835 seconds
Domain Reload Profiling:
	ReloadAssembly (836ms)
		BeginReloadAssembly (74ms)
			ExecutionOrderSort (0ms)
			DisableScriptedObjects (0ms)
			BackupInstance (0ms)
			ReleaseScriptingObjects (0ms)
			CreateAndSetChildDomain (1ms)
		EndReloadAssembly (650ms)
			LoadAssemblies (72ms)
			RebuildTransferFunctionScriptingTraits (0ms)
			SetupTypeCache (105ms)
			ReleaseScriptCaches (0ms)
			RebuildScriptCaches (47ms)
			SetupLoadedEditorAssemblies (421ms)
				LogAssemblyErrors (0ms)
				InitializePlatformSupportModulesInManaged (18ms)
				SetLoadedEditorAssemblies (0ms)
				RefreshPlugins (137ms)
				BeforeProcessingInitializeOnLoad (2ms)
				ProcessInitializeOnLoadAttributes (202ms)
				ProcessInitializeOnLoadMethodAttributes (61ms)
				AfterProcessingInitializeOnLoad (0ms)
				EditorAssembliesLoaded (0ms)
			ExecutionOrderSort2 (0ms)
			AwakeInstancesAfterBackupRestoration (0ms)
Platform modules already initialized, skipping
Registering precompiled user dll's ...
Registered in 0.020490 seconds.
Begin MonoManager ReloadAssembly
Symbol file LoadedFromMemory doesn't match image C:\Users\admin\Documents\GitHub\VirtualTour_DemoMot\VR_Tour\Library\PackageCache\com.unity.visualscripting@1.7.6\Editor\VisualScripting.Core\Dependencies\DotNetZip\Unity.VisualScripting.IonicZip.dll
Symbol file LoadedFromMemory doesn't match image C:\Users\admin\Documents\GitHub\VirtualTour_DemoMot\VR_Tour\Library\PackageCache\com.unity.visualscripting@1.7.6\Editor\VisualScripting.Core\Dependencies\YamlDotNet\Unity.VisualScripting.YamlDotNet.dll
Native extension for UWP target not found
Native extension for WindowsStandalone target not found
Native extension for WebGL target not found
Refreshing native plugins compatible for Editor in 120.48 ms, found 11 plugins.
Preloading 0 native plugins for Editor in 0.00 ms.
Package Manager log level set to [2]
Mono: successfully reloaded assembly
- Completed reload, in  1.486 seconds
Domain Reload Profiling:
	ReloadAssembly (1487ms)
		BeginReloadAssembly (152ms)
			ExecutionOrderSort (0ms)
			DisableScriptedObjects (6ms)
			BackupInstance (0ms)
			ReleaseScriptingObjects (0ms)
			CreateAndSetChildDomain (26ms)
		EndReloadAssembly (1172ms)
			LoadAssemblies (120ms)
			RebuildTransferFunctionScriptingTraits (0ms)
			SetupTypeCache (312ms)
			ReleaseScriptCaches (1ms)
			RebuildScriptCaches (62ms)
			SetupLoadedEditorAssemblies (638ms)
				LogAssemblyErrors (0ms)
				InitializePlatformSupportModulesInManaged (9ms)
				SetLoadedEditorAssemblies (0ms)
				RefreshPlugins (121ms)
				BeforeProcessingInitializeOnLoad (138ms)
				ProcessInitializeOnLoadAttributes (330ms)
				ProcessInitializeOnLoadMethodAttributes (29ms)
				AfterProcessingInitializeOnLoad (10ms)
				EditorAssembliesLoaded (0ms)
			ExecutionOrderSort2 (0ms)
			AwakeInstancesAfterBackupRestoration (6ms)
Platform modules already initialized, skipping
========================================================================
Worker process is ready to serve import requests
Launched and connected shader compiler UnityShaderCompiler.exe after 0.06 seconds
Refreshing native plugins compatible for Editor in 0.87 ms, found 11 plugins.
Preloading 0 native plugins for Editor in 0.00 ms.
Unloading 4131 Unused Serialized files (Serialized files now loaded: 0)
Unloading 49 unused Assets / (113.7 KB). Loaded Objects now: 4575.
Memory consumption went from 146.8 MB to 146.7 MB.
Total: 3.966400 ms (FindLiveObjects: 0.325800 ms CreateObjectMapping: 0.208700 ms MarkObjects: 3.308700 ms  DeleteObjects: 0.122300 ms)

AssetImportParameters requested are different than current active one (requested -> active):
  custom:video-decoder-ogg-theora: a1e56fd34408186e4bbccfd4996cb3dc -> 
  custom:container-muxer-webm: aa71ff27fc2769a1b78a27578f13a17b -> 
  custom:container-demuxer-webm: 4f35f7cbe854078d1ac9338744f61a02 -> 
  custom:video-encoder-webm-vp8: eb34c28f22e8b96e1ab97ce403110664 -> 
  custom:video-codec-MediaFoundation-h265: 746d11721c4dcdbdad8f713fa42b33f4 -> 
  custom:audio-encoder-webm-vorbis: bf7c407c2cedff20999df2af8eb42d56 -> 
  custom:framework-win-MediaFoundation: 216162199b28c13a410421893ffa2e32 -> 
  custom:container-demuxer-ogg: 62fdf1f143b41e24485cea50d1cbac27 -> 
  custom:video-decoder-webm-vp8: 9c59270c3fd7afecdb556c50c9e8de78 -> 
  custom:audio-decoder-ogg-vorbis: bf7c407c2cedff20999df2af8eb42d56 -> 
========================================================================
Received Import Request.
  Time since last request: 10135.257962 seconds.
  path: Assets
  artifactKey: Guid(00000000000000001000000000000000) Importer(815301076,1909f56bfc062723c751e8b465ee728b)
Start importing Assets using Guid(00000000000000001000000000000000) Importer(815301076,1909f56bfc062723c751e8b465ee728b)  -> (artifact id: '79842766b460edbeab6a34051e857a80') in 0.008208 seconds 
========================================================================
Received Import Request.
  Time since last request: 0.000017 seconds.
  path: Assets/SteamVR/SteamVR.asmdef
  artifactKey: Guid(1fbf338ef6b952a448262a7ff7df5fe4) Importer(815301076,1909f56bfc062723c751e8b465ee728b)
Start importing Assets/SteamVR/SteamVR.asmdef using Guid(1fbf338ef6b952a448262a7ff7df5fe4) Importer(815301076,1909f56bfc062723c751e8b465ee728b)  -> (artifact id: 'dd02b0593efdb8a911760b2faac2ae92') in 0.015294 seconds 
========================================================================
Received Import Request.
  Time since last request: 16.548487 seconds.
  path: Assets/Environments_Raw
  artifactKey: Guid(e0c4fa7c8e038114da0a426051e584de) Importer(815301076,1909f56bfc062723c751e8b465ee728b)
Start importing Assets/Environments_Raw using Guid(e0c4fa7c8e038114da0a426051e584de) Importer(815301076,1909f56bfc062723c751e8b465ee728b)  -> (artifact id: 'e556e19ec5e5b11467504f845ef2214e') in 0.002633 seconds 
========================================================================
Received Import Request.
  Time since last request: 539.407218 seconds.
  path: Assets/Environments_Raw/6323654D-DA56-4835-B928-A141B59282EF.jpeg
  artifactKey: Guid(7a7f3178ede751744989709c1497c33a) Importer(815301076,1909f56bfc062723c751e8b465ee728b)
Start importing Assets/Environments_Raw/6323654D-DA56-4835-B928-A141B59282EF.jpeg using Guid(7a7f3178ede751744989709c1497c33a) Importer(815301076,1909f56bfc062723c751e8b465ee728b)  -> (artifact id: '7b59886f0356d2ec3280d248a73cf4d9') in 0.062493 seconds 
========================================================================
Received Import Request.
  Time since last request: 27.765791 seconds.
  path: Assets/New Render Texture.renderTexture
  artifactKey: Guid(0fb1d8cd93be9df4a9d54609f8d73f2c) Importer(815301076,1909f56bfc062723c751e8b465ee728b)
Start importing Assets/New Render Texture.renderTexture using Guid(0fb1d8cd93be9df4a9d54609f8d73f2c) Importer(815301076,1909f56bfc062723c751e8b465ee728b)  -> (artifact id: '171677de9c669492b751d83e86556416') in 0.041153 seconds 
========================================================================
Received Import Request.
  Time since last request: 12.699149 seconds.
  path: Assets/RT_360Photo.renderTexture
  artifactKey: Guid(0fb1d8cd93be9df4a9d54609f8d73f2c) Importer(815301076,1909f56bfc062723c751e8b465ee728b)
Start importing Assets/RT_360Photo.renderTexture using Guid(0fb1d8cd93be9df4a9d54609f8d73f2c) Importer(815301076,1909f56bfc062723c751e8b465ee728b)  -> (artifact id: '5f2b682d99f4ff15d36a3b0c9d03092c') in 0.012405 seconds 
========================================================================
Received Import Request.
  Time since last request: 266.083496 seconds.
  path: Assets/MAT_360.mat
  artifactKey: Guid(8945d05ff3914a649a9d9461ea4f28dc) Importer(815301076,1909f56bfc062723c751e8b465ee728b)
Start importing Assets/MAT_360.mat using Guid(8945d05ff3914a649a9d9461ea4f28dc) Importer(815301076,1909f56bfc062723c751e8b465ee728b)  -> (artifact id: '3017c61795ef0a9ef3c1e586ebf86f48') in 0.142771 seconds 
========================================================================
Received Import Request.
  Time since last request: 205.957270 seconds.
  path: Assets/Environments_Raw/6323654D-DA56-4835-B928-A141B59282EF.jpeg
  artifactKey: Guid(7a7f3178ede751744989709c1497c33a) Importer(815301076,1909f56bfc062723c751e8b465ee728b)
Start importing Assets/Environments_Raw/6323654D-DA56-4835-B928-A141B59282EF.jpeg using Guid(7a7f3178ede751744989709c1497c33a) Importer(815301076,1909f56bfc062723c751e8b465ee728b)  -> (artifact id: '424d3d64fd0e54a6346da4aa1e342a60') in 0.062128 seconds 
========================================================================
Received Import Request.
  Time since last request: 23.665948 seconds.
  path: Assets/Environments_Raw/EVT.mat
  artifactKey: Guid(61634eb20795daa4b84056ac3d199a21) Importer(815301076,1909f56bfc062723c751e8b465ee728b)
Start importing Assets/Environments_Raw/EVT.mat using Guid(61634eb20795daa4b84056ac3d199a21) Importer(815301076,1909f56bfc062723c751e8b465ee728b)  -> (artifact id: 'a0bc0d48211de9c54f659238c6be7d41') in 0.011777 seconds 
========================================================================
Received Import Request.
  Time since last request: 55.019091 seconds.
  path: Assets/Environments_Raw/EVT.mat
  artifactKey: Guid(61634eb20795daa4b84056ac3d199a21) Importer(815301076,1909f56bfc062723c751e8b465ee728b)
Start importing Assets/Environments_Raw/EVT.mat using Guid(61634eb20795daa4b84056ac3d199a21) Importer(815301076,1909f56bfc062723c751e8b465ee728b)  -> (artifact id: '8a85904165d830dc1ccb6e5803027839') in 0.051155 seconds 
